<?xml version="1.0" encoding="UTF-8"?>
<!-- Generated by org.testng.reporters.JUnitXMLReporter -->
<testsuite ignored="1" hostname="LAPTOP-1RJ49QFV" failures="0" tests="1" name="Default test" time="2.761" errors="0" timestamp="2024-10-04T15:30:24 IST">
  <testcase classname="testcases.TC1_TestActions" name="inputTextFunctions" time="2.528"/>
  <testcase classname="testcases.TC1_TestActions" name="buttonFunctions" time="0.0">
    <ignored/>
  </testcase> <!-- buttonFunctions -->
</testsuite> <!-- Default test -->
