<?xml version="1.0" encoding="UTF-8"?>
<!-- Generated by org.testng.reporters.JUnitXMLReporter -->
<testsuite ignored="1" hostname="LAPTOP-1RJ49QFV" failures="0" tests="2" name="Test" time="3.727" errors="0" timestamp="2024-10-08T18:35:17 IST">
  <testcase classname="testcases.TC1_InputTextActions" name="inputTextFunctions" time="2.572"/>
  <testcase classname="testcases.TC2_ButtonActions" name="ButtonFunctions" time="0.754"/>
  <testcase classname="commonFile.CommonTC" name="@BeforeSuite launchBrowser" time="0.0">
    <ignored/>
  </testcase> <!-- @BeforeSuite launchBrowser -->
</testsuite> <!-- Test -->
