<?xml version="1.0" encoding="UTF-8"?>
<testng-results ignored="0" total="2" passed="2" failed="0" skipped="0">
  <reporter-output>
  </reporter-output>
  <suite started-at="2024-10-08T18:35:13 IST" name="Suite" finished-at="2024-10-08T18:35:17 IST" duration-ms="3727">
    <groups>
    </groups>
    <test started-at="2024-10-08T18:35:13 IST" name="Test" finished-at="2024-10-08T18:35:17 IST" duration-ms="3727">
      <class name="testcases.TC2_ButtonActions">
        <test-method is-config="true" signature="loginandClickonWorkspace()[pri:0, instance:testcases.TC2_ButtonActions@5b247367]" started-at="2024-10-08T18:35:16 IST" name="loginandClickonWorkspace" finished-at="2024-10-08T18:35:16 IST" duration-ms="165" status="PASS">
          <reporter-output>
          </reporter-output>
        </test-method> <!-- loginandClickonWorkspace -->
        <test-method signature="ButtonFunctions()[pri:0, instance:testcases.TC2_ButtonActions@5b247367]" started-at="2024-10-08T18:35:16 IST" name="ButtonFunctions" finished-at="2024-10-08T18:35:17 IST" duration-ms="754" status="PASS">
          <reporter-output>
          </reporter-output>
        </test-method> <!-- ButtonFunctions -->
      </class> <!-- testcases.TC2_ButtonActions -->
      <class name="testcases.TC1_InputTextActions">
        <test-method is-config="true" signature="launchBrowser()[pri:0, instance:testcases.TC1_InputTextActions@14028087]" started-at="2024-10-08T18:35:01 IST" name="launchBrowser" finished-at="2024-10-08T18:35:13 IST" duration-ms="11741" status="PASS">
          <reporter-output>
          </reporter-output>
        </test-method> <!-- launchBrowser -->
        <test-method is-config="true" signature="loginandClickonWorkspace()[pri:0, instance:testcases.TC1_InputTextActions@14028087]" started-at="2024-10-08T18:35:13 IST" name="loginandClickonWorkspace" finished-at="2024-10-08T18:35:13 IST" duration-ms="179" status="PASS">
          <reporter-output>
          </reporter-output>
        </test-method> <!-- loginandClickonWorkspace -->
        <test-method signature="inputTextFunctions()[pri:0, instance:testcases.TC1_InputTextActions@14028087]" started-at="2024-10-08T18:35:13 IST" name="inputTextFunctions" finished-at="2024-10-08T18:35:16 IST" duration-ms="2572" status="PASS">
          <reporter-output>
          </reporter-output>
        </test-method> <!-- inputTextFunctions -->
      </class> <!-- testcases.TC1_InputTextActions -->
    </test> <!-- Test -->
  </suite> <!-- Suite -->
</testng-results>
